\BOOKMARK [0][]{chapter*.5}{Lista de Abreviaturas}{}% 1
\BOOKMARK [0][]{chapter*.6}{Lista de S\355mbolos}{}% 2
\BOOKMARK [0][]{chapter*.7}{Lista de Figuras}{}% 3
\BOOKMARK [0][]{chapter*.14}{Lista de Tabelas}{}% 4
\BOOKMARK [0][]{chapter.1}{Introdu\347\343o}{}% 5
\BOOKMARK [1][]{section.1.1}{Considera\347\365es Preliminares}{chapter.1}% 6
\BOOKMARK [1][]{section.1.2}{Hist\363rico}{chapter.1}% 7
\BOOKMARK [1][]{section.1.3}{Tecnologias de Impress\343o Existentes}{chapter.1}% 8
\BOOKMARK [1][]{section.1.4}{Condi\347\343o Atual}{chapter.1}% 9
\BOOKMARK [1][]{section.1.5}{Objetivos}{chapter.1}% 10
\BOOKMARK [1][]{section.1.6}{Contribui\347\365es}{chapter.1}% 11
\BOOKMARK [1][]{section.1.7}{Organiza\347\343o do Trabalho}{chapter.1}% 12
\BOOKMARK [0][]{chapter.2}{Projetos Realizados}{}% 13
\BOOKMARK [1][]{section.2.1}{R\351guas de Calibra\347\343o}{chapter.2}% 14
\BOOKMARK [1][]{section.2.2}{Teste de Barras}{chapter.2}% 15
\BOOKMARK [1][]{section.2.3}{Porta Rolo de Filamento}{chapter.2}% 16
\BOOKMARK [1][]{section.2.4}{Impressora 3D com extrus\343o dupla}{chapter.2}% 17
\BOOKMARK [2][]{subsection.2.4.1}{Hardware}{section.2.4}% 18
\BOOKMARK [2][]{subsection.2.4.2}{Software}{section.2.4}% 19
\BOOKMARK [2][]{subsection.2.4.3}{Impress\365es Realizadas}{section.2.4}% 20
\BOOKMARK [0][]{chapter.3}{Testes Realizados}{}% 21
\BOOKMARK [1][]{section.3.1}{Temperatura}{chapter.3}% 22
\BOOKMARK [2][]{subsection.3.1.1}{Conceitos}{section.3.1}% 23
\BOOKMARK [2][]{subsection.3.1.2}{Experimentos}{section.3.1}% 24
\BOOKMARK [1][]{section.3.2}{Vibra\347\343o}{chapter.3}% 25
\BOOKMARK [1][]{section.3.3}{Extrus\343o e Retra\347\343o}{chapter.3}% 26
\BOOKMARK [1][]{section.3.4}{Teste de Filamentos}{chapter.3}% 27
\BOOKMARK [0][]{chapter.4}{Conclus\365es}{}% 28
\BOOKMARK [1][]{section.4.1}{Considera\347\365es Finais}{chapter.4}% 29
\BOOKMARK [1][]{section.4.2}{Sugest\365es para Pesquisas Futuras}{chapter.4}% 30
\BOOKMARK [0][]{appendix.A}{Scripts dos Desenhos do OpensCAD}{}% 31
\BOOKMARK [1][]{section.A.1}{Porta Rolo de Filamento}{appendix.A}% 32
\BOOKMARK [1][]{section.A.2}{Teste de Barras}{appendix.A}% 33
\BOOKMARK [1][]{section.A.3}{R\351guas de Calibra\347\343o}{appendix.A}% 34
\BOOKMARK [1][]{section.A.4}{Prendedor de Extrusores}{appendix.A}% 35
\BOOKMARK [0][]{appendix.B}{Scripts do Software Arduino IDE}{}% 36
\BOOKMARK [1][]{section.B.1}{Teste de Barras}{appendix.B}% 37
\BOOKMARK [2][]{subsection.B.1.1}{Rota\347\343o Unidirecional e Constante}{section.B.1}% 38
\BOOKMARK [2][]{subsection.B.1.2}{Rota\347\343o Bidirecional e Gradual}{section.B.1}% 39
\BOOKMARK [1][]{section.B.2}{Arquivo configuration.h do Repetier-Firmware Adaptado para Dupla Extrus\343o}{appendix.B}% 40
\BOOKMARK [1][]{section.B.3}{Teste de Temperaturas}{appendix.B}% 41
\BOOKMARK [1][]{section.B.4}{Teste de Vibra\347\343o}{appendix.B}% 42
\BOOKMARK [2][]{subsection.B.4.1}{Gcode}{section.B.4}% 43
\BOOKMARK [2][]{subsection.B.4.2}{Printcore}{section.B.4}% 44
\BOOKMARK [1][]{section.B.5}{Teste de Extrus\343o}{appendix.B}% 45
\BOOKMARK [0][]{appendix*.90}{Refer\352ncias Bibliogr\341ficas}{}% 46
